# JRE version: OpenJDK Runtime Environment (11.0.4+10) (build 11.0.4+10-b304.77)
# Java VM: OpenJDK 64-Bit Server VM (11.0.4+10-b304.77, mixed mode, tiered, compressed oops, g1 gc, windows-amd64)
Heap:
 garbage-first heap   total 150528K, used 18450K [0x0000000086e00000, 0x0000000100000000)
  region size 1024K, 7 young (7168K), 4 survivors (4096K)
 Metaspace       used 35294K, capacity 36085K, committed 36252K, reserved 1081344K
  class space    used 3742K, capacity 4024K, committed 4096K, reserved 1048576K
GC Heap History (10 events):
Event: 2.776 GC heap before
{Heap before GC invocations=3 (full 0):
 garbage-first heap   total 124928K, used 40410K [0x0000000086e00000, 0x0000000100000000)
  region size 1024K, 38 young (38912K), 2 survivors (2048K)
 Metaspace       used 20774K, capacity 21144K, committed 21296K, reserved 1069056K
  class space    used 2242K, capacity 2390K, committed 2432K, reserved 1048576K
}
Event: 2.790 GC heap after
{Heap after GC invocations=4 (full 0):
 garbage-first heap   total 124928K, used 6433K [0x0000000086e00000, 0x0000000100000000)
  region size 1024K, 3 young (3072K), 3 survivors (3072K)
 Metaspace       used 20774K, capacity 21144K, committed 21296K, reserved 1069056K
  class space    used 2242K, capacity 2390K, committed 2432K, reserved 1048576K
}
Event: 6.761 GC heap before
{Heap before GC invocations=5 (full 0):
 garbage-first heap   total 124928K, used 78113K [0x0000000086e00000, 0x0000000100000000)
  region size 1024K, 73 young (74752K), 3 survivors (3072K)
 Metaspace       used 22135K, capacity 22552K, committed 22832K, reserved 1069056K
  class space    used 2305K, capacity 2429K, committed 2432K, reserved 1048576K
}
Event: 6.775 GC heap after
{Heap after GC invocations=6 (full 0):
 garbage-first heap   total 124928K, used 10238K [0x0000000086e00000, 0x0000000100000000)
  region size 1024K, 7 young (7168K), 7 survivors (7168K)
 Metaspace       used 22135K, capacity 22552K, committed 22832K, reserved 1069056K
  class space    used 2305K, capacity 2429K, committed 2432K, reserved 1048576K
}
Event: 9.244 GC heap before
{Heap before GC invocations=6 (full 0):
 garbage-first heap   total 124928K, used 76798K [0x0000000086e00000, 0x0000000100000000)
  region size 1024K, 73 young (74752K), 7 survivors (7168K)
 Metaspace       used 26790K, capacity 27296K, committed 27568K, reserved 1073152K
  class space    used 2878K, capacity 3036K, committed 3072K, reserved 1048576K
}
Event: 9.261 GC heap after
{Heap after GC invocations=7 (full 0):
 garbage-first heap   total 150528K, used 13455K [0x0000000086e00000, 0x0000000100000000)
  region size 1024K, 7 young (7168K), 7 survivors (7168K)
 Metaspace       used 26790K, capacity 27296K, committed 27568K, reserved 1073152K
  class space    used 2878K, capacity 3036K, committed 3072K, reserved 1048576K
}
Event: 11.452 GC heap before
{Heap before GC invocations=7 (full 0):
 garbage-first heap   total 150528K, used 94351K [0x0000000086e00000, 0x0000000100000000)
  region size 1024K, 86 young (88064K), 7 survivors (7168K)
 Metaspace       used 34483K, capacity 35207K, committed 35376K, reserved 1081344K
  class space    used 3657K, capacity 3922K, committed 3968K, reserved 1048576K
}
Event: 11.469 GC heap after
{Heap after GC invocations=8 (full 0):
 garbage-first heap   total 150528K, used 16611K [0x0000000086e00000, 0x0000000100000000)
  region size 1024K, 7 young (7168K), 7 survivors (7168K)
 Metaspace       used 34483K, capacity 35207K, committed 35376K, reserved 1081344K
  class space    used 3657K, capacity 3922K, committed 3968K, reserved 1048576K
}
Event: 11.623 GC heap before
{Heap before GC invocations=8 (full 0):
 garbage-first heap   total 150528K, used 26851K [0x0000000086e00000, 0x0000000100000000)
  region size 1024K, 18 young (18432K), 7 survivors (7168K)
 Metaspace       used 35005K, capacity 35754K, committed 35888K, reserved 1081344K
  class space    used 3710K, capacity 3955K, committed 3968K, reserved 1048576K
}
Event: 11.634 GC heap after
{Heap after GC invocations=9 (full 0):
 garbage-first heap   total 150528K, used 16402K [0x0000000086e00000, 0x0000000100000000)
  region size 1024K, 4 young (4096K), 4 survivors (4096K)
 Metaspace       used 35005K, capacity 35754K, committed 35888K, reserved 1081344K
  class space    used 3710K, capacity 3955K, committed 3968K, reserved 1048576K
}

