# JRE version: OpenJDK Runtime Environment (11.0.4+10) (build 11.0.4+10-b304.77)
# Java VM: OpenJDK 64-Bit Server VM (11.0.4+10-b304.77, mixed mode, tiered, compressed oops, g1 gc, windows-amd64)
Heap:
 garbage-first heap   total 150528K, used 20343K [0x0000000086e00000, 0x0000000100000000)
  region size 1024K, 8 young (8192K), 4 survivors (4096K)
 Metaspace       used 35230K, capacity 35958K, committed 36272K, reserved 1081344K
  class space    used 3746K, capacity 4024K, committed 4096K, reserved 1048576K
GC Heap History (10 events):
Event: 2.711 GC heap before
{Heap before GC invocations=3 (full 0):
 garbage-first heap   total 124928K, used 40588K [0x0000000086e00000, 0x0000000100000000)
  region size 1024K, 38 young (38912K), 2 survivors (2048K)
 Metaspace       used 20771K, capacity 21112K, committed 21296K, reserved 1069056K
  class space    used 2241K, capacity 2358K, committed 2432K, reserved 1048576K
}
Event: 2.723 GC heap after
{Heap after GC invocations=4 (full 0):
 garbage-first heap   total 124928K, used 6522K [0x0000000086e00000, 0x0000000100000000)
  region size 1024K, 3 young (3072K), 3 survivors (3072K)
 Metaspace       used 20771K, capacity 21112K, committed 21296K, reserved 1069056K
  class space    used 2241K, capacity 2358K, committed 2432K, reserved 1048576K
}
Event: 5.483 GC heap before
{Heap before GC invocations=5 (full 0):
 garbage-first heap   total 124928K, used 78202K [0x0000000086e00000, 0x0000000100000000)
  region size 1024K, 73 young (74752K), 3 survivors (3072K)
 Metaspace       used 22244K, capacity 22730K, committed 22960K, reserved 1069056K
  class space    used 2330K, capacity 2467K, committed 2560K, reserved 1048576K
}
Event: 5.500 GC heap after
{Heap after GC invocations=6 (full 0):
 garbage-first heap   total 124928K, used 10188K [0x0000000086e00000, 0x0000000100000000)
  region size 1024K, 7 young (7168K), 7 survivors (7168K)
 Metaspace       used 22244K, capacity 22730K, committed 22960K, reserved 1069056K
  class space    used 2330K, capacity 2467K, committed 2560K, reserved 1048576K
}
Event: 7.056 GC heap before
{Heap before GC invocations=6 (full 0):
 garbage-first heap   total 124928K, used 77772K [0x0000000086e00000, 0x0000000100000000)
  region size 1024K, 73 young (74752K), 7 survivors (7168K)
 Metaspace       used 27091K, capacity 27630K, committed 27952K, reserved 1075200K
  class space    used 2932K, capacity 3105K, committed 3200K, reserved 1048576K
}
Event: 7.075 GC heap after
{Heap after GC invocations=7 (full 0):
 garbage-first heap   total 150528K, used 13654K [0x0000000086e00000, 0x0000000100000000)
  region size 1024K, 7 young (7168K), 7 survivors (7168K)
 Metaspace       used 27091K, capacity 27630K, committed 27952K, reserved 1075200K
  class space    used 2932K, capacity 3105K, committed 3200K, reserved 1048576K
}
Event: 8.892 GC heap before
{Heap before GC invocations=7 (full 0):
 garbage-first heap   total 150528K, used 94550K [0x0000000086e00000, 0x0000000100000000)
  region size 1024K, 86 young (88064K), 7 survivors (7168K)
 Metaspace       used 34451K, capacity 35144K, committed 35376K, reserved 1081344K
  class space    used 3661K, capacity 3922K, committed 3968K, reserved 1048576K
}
Event: 8.910 GC heap after
{Heap after GC invocations=8 (full 0):
 garbage-first heap   total 150528K, used 17772K [0x0000000086e00000, 0x0000000100000000)
  region size 1024K, 8 young (8192K), 8 survivors (8192K)
 Metaspace       used 34451K, capacity 35144K, committed 35376K, reserved 1081344K
  class space    used 3661K, capacity 3922K, committed 3968K, reserved 1048576K
}
Event: 9.074 GC heap before
{Heap before GC invocations=8 (full 0):
 garbage-first heap   total 150528K, used 26988K [0x0000000086e00000, 0x0000000100000000)
  region size 1024K, 18 young (18432K), 8 survivors (8192K)
 Metaspace       used 34935K, capacity 35627K, committed 35888K, reserved 1081344K
  class space    used 3711K, capacity 3955K, committed 3968K, reserved 1048576K
}
Event: 9.083 GC heap after
{Heap after GC invocations=9 (full 0):
 garbage-first heap   total 150528K, used 17271K [0x0000000086e00000, 0x0000000100000000)
  region size 1024K, 4 young (4096K), 4 survivors (4096K)
 Metaspace       used 34935K, capacity 35627K, committed 35888K, reserved 1081344K
  class space    used 3711K, capacity 3955K, committed 3968K, reserved 1048576K
}

