<?xml version="1.0" encoding="UTF-8"?>
<testsuite xmlns:xsi="http://www.w3.org/2001/XMLSchema-instance" xsi:noNamespaceSchemaLocation="https://maven.apache.org/surefire/maven-surefire-plugin/xsd/surefire-test-report.xsd" name="ru.netology.domain.RadioTest" time="0.02" tests="11" errors="0" skipped="0" failures="0">
  <properties>
[...]
</properties>
  <testcase name="shouldSetCurrentStation{String, int, int}[1]" classname="ru.netology.domain.RadioTest" time="0.001"/>
  <testcase name="shouldSetCurrentStation{String, int, int}[2]" classname="ru.netology.domain.RadioTest" time="0"/>
  <testcase name="shouldSetCurrentStation{String, int, int}[3]" classname="ru.netology.domain.RadioTest" time="0"/>
  <testcase name="shouldNextStation{String, int, int}[1]" classname="ru.netology.domain.RadioTest" time="0"/>
  <testcase name="shouldNextStation{String, int, int}[2]" classname="ru.netology.domain.RadioTest" time="0"/>
  <testcase name="shouldVolumeDown{String, int, int}[1]" classname="ru.netology.domain.RadioTest" time="0"/>
  <testcase name="shouldVolumeDown{String, int, int}[2]" classname="ru.netology.domain.RadioTest" time="0"/>
  <testcase name="shouldVolumeUp{String, int, int}[1]" classname="ru.netology.domain.RadioTest" time="0"/>
  <testcase name="shouldVolumeUp{String, int, int}[2]" classname="ru.netology.domain.RadioTest" time="0"/>
  <testcase name="shouldPrevStation{String, int, int}[1]" classname="ru.netology.domain.RadioTest" time="0.002"/>
  <testcase name="shouldPrevStation{String, int, int}[2]" classname="ru.netology.domain.RadioTest" time="0.004"/>
</testsuite>